<?xml version="1.0" encoding="UTF-8"?>
<!-- Generated by org.testng.reporters.JUnitReportReporter -->
<testsuite hostname="DESKTOP-M95IVCH" failures="0" tests="4" name="api.tests.userTests" time="6.733" errors="0" timestamp="2023-06-30T23:36:29 IST" skipped="0">
  <testcase classname="api.tests.userTests" name="testPostUser" time="1.401"/>
  <testcase classname="api.tests.userTests" name="testGetUser" time="1.357"/>
  <testcase classname="api.tests.userTests" name="testUpdateUser" time="2.690"/>
  <testcase classname="api.tests.userTests" name="testDeleteUser" time="1.285"/>
</testsuite> <!-- api.tests.userTests -->
