<?xml version="1.0" encoding="UTF-8"?>
<!-- Generated by org.testng.reporters.JUnitReportReporter -->
<testsuite hostname="DESKTOP-M95IVCH" failures="0" tests="4" name="api.tests.userTests_WithRoutesProp" time="9.357" errors="0" timestamp="2023-06-30T23:52:37 IST" skipped="0">
  <testcase classname="api.tests.userTests_WithRoutesProp" name="testPostUser" time="1.888"/>
  <testcase classname="api.tests.userTests_WithRoutesProp" name="testGetUser" time="1.648"/>
  <testcase classname="api.tests.userTests_WithRoutesProp" name="testUpdateUser" time="4.182"/>
  <testcase classname="api.tests.userTests_WithRoutesProp" name="testDeleteUser" time="1.639"/>
</testsuite> <!-- api.tests.userTests_WithRoutesProp -->
